#
# There is insufficient memory for the Java Runtime Environment to continue.
# Native memory allocation (malloc) failed to allocate 525296 bytes for Chunk::new
# Possible reasons:
#   The system is out of physical RAM or swap space
#   The process is running with CompressedOops enabled, and the Java Heap may be blocking the growth of the native heap
# Possible solutions:
#   Reduce memory load on the system
#   Increase physical memory or swap space
#   Check if swap backing store is full
#   Decrease Java heap size (-Xmx/-Xms)
#   Decrease number of Java threads
#   Decrease Java thread stack sizes (-Xss)
#   Set larger code cache with -XX:ReservedCodeCacheSize=
#   JVM is running with Unscaled Compressed Oops mode in which the Java heap is
#     placed in the first 4GB address space. The Java Heap base address is the
#     maximum limit for the native heap growth. Please use -XX:HeapBaseMinAddress
#     to set the Java Heap base and to place the Java Heap above 4GB virtual address.
# This output file may be truncated or incomplete.
#
#  Out of Memory Error (arena.cpp:189), pid=12888, tid=13112
#
# JRE version: Java(TM) SE Runtime Environment (17.0.1+12) (build 17.0.1+12-LTS-39)
# Java VM: Java HotSpot(TM) 64-Bit Server VM (17.0.1+12-LTS-39, mixed mode, sharing, tiered, compressed oops, compressed class ptrs, g1 gc, windows-amd64)
# No core dump will be written. Minidumps are not enabled by default on client versions of Windows
#

---------------  S U M M A R Y ------------

Command Line: Agenda.CampusCAD.CampusCadApplication

Host: Intel(R) Core(TM) i5-1035G4 CPU @ 1.10GHz, 8 cores, 7G,  Windows 10 , 64 bit Build 26100 (10.0.26100.2454)
Time: Thu Jan 23 06:42:12 2025 Hora estándar central (México) elapsed time: 307.561088 seconds (0d 0h 5m 7s)

---------------  T H R E A D  ---------------

Current thread (0x00000223ecaec480):  JavaThread "C2 CompilerThread0" daemon [_thread_in_native, id=13112, stack(0x0000005362100000,0x0000005362200000)]


Current CompileTask:
C2: 307561 9939   !   4       java.lang.Throwable::printStackTrace (177 bytes)

Stack: [0x0000005362100000,0x0000005362200000]
Native frames: (J=compiled Java code, j=interpreted, Vv=VM code, C=native code)
V  [jvm.dll+0x66fa1a]
V  [jvm.dll+0x7ce5a4]
V  [jvm.dll+0x7cfd4e]
V  [jvm.dll+0x7d03b3]
V  [jvm.dll+0x242b05]
V  [jvm.dll+0xaa05b]
V  [jvm.dll+0xaa5ec]
V  [jvm.dll+0x2a953f]
V  [jvm.dll+0x5785a9]
V  [jvm.dll+0x21dd7d]
V  [jvm.dll+0x21e15f]
V  [jvm.dll+0x217a2a]
V  [jvm.dll+0x214f05]
V  [jvm.dll+0x1a168d]
V  [jvm.dll+0x224848]
V  [jvm.dll+0x2229ac]
V  [jvm.dll+0x78435b]
V  [jvm.dll+0x77e91a]
V  [jvm.dll+0x66e845]
C  [ucrtbase.dll+0x14ea0]
C  [KERNEL32.DLL+0x2e8d7]
C  [ntdll.dll+0xdfbcc]


---------------  P R O C E S S  ---------------

Threads class SMR info:
_java_thread_list=0x00000223f02da440, length=30, elements={
0x00000223ecacbe50, 0x00000223ecacd010, 0x00000223ecae5a60, 0x00000223ecae6410,
0x00000223ecae6dc0, 0x00000223ecae7770, 0x00000223ecaec480, 0x00000223ecaf0030,
0x00000223ecaf8640, 0x00000223ed60cb80, 0x00000223ed619f40, 0x00000223ef1180c0,
0x00000223ef119da0, 0x00000223ef11a270, 0x00000223ef11b0e0, 0x00000223ef117720,
0x00000223ef11ac10, 0x00000223ef118f30, 0x00000223f356ad40, 0x00000223f356b6e0,
0x00000223f356a870, 0x00000223f356c550, 0x00000223f356ca20, 0x00000223f3569530,
0x00000223f356bbb0, 0x00000223f356b210, 0x00000223f3569ed0, 0x00000223f356a3a0,
0x00000223f3569a00, 0x00000223f356c080
}

Java Threads: ( => current thread )
  0x00000223ecacbe50 JavaThread "Reference Handler" daemon [_thread_blocked, id=13900, stack(0x0000005361b00000,0x0000005361c00000)]
  0x00000223ecacd010 JavaThread "Finalizer" daemon [_thread_blocked, id=13896, stack(0x0000005361c00000,0x0000005361d00000)]
  0x00000223ecae5a60 JavaThread "Signal Dispatcher" daemon [_thread_blocked, id=13592, stack(0x0000005361d00000,0x0000005361e00000)]
  0x00000223ecae6410 JavaThread "Attach Listener" daemon [_thread_blocked, id=13672, stack(0x0000005361e00000,0x0000005361f00000)]
  0x00000223ecae6dc0 JavaThread "Service Thread" daemon [_thread_blocked, id=13080, stack(0x0000005361f00000,0x0000005362000000)]
  0x00000223ecae7770 JavaThread "Monitor Deflation Thread" daemon [_thread_blocked, id=13108, stack(0x0000005362000000,0x0000005362100000)]
=>0x00000223ecaec480 JavaThread "C2 CompilerThread0" daemon [_thread_in_native, id=13112, stack(0x0000005362100000,0x0000005362200000)]
  0x00000223ecaf0030 JavaThread "C1 CompilerThread0" daemon [_thread_blocked, id=13160, stack(0x0000005362200000,0x0000005362300000)]
  0x00000223ecaf8640 JavaThread "Sweeper thread" daemon [_thread_blocked, id=13164, stack(0x0000005362300000,0x0000005362400000)]
  0x00000223ed60cb80 JavaThread "Notification Thread" daemon [_thread_blocked, id=13468, stack(0x0000005362400000,0x0000005362500000)]
  0x00000223ed619f40 JavaThread "Common-Cleaner" daemon [_thread_blocked, id=13444, stack(0x0000005362600000,0x0000005362700000)]
  0x00000223ef1180c0 JavaThread "Catalina-utility-1" [_thread_blocked, id=2068, stack(0x0000005363300000,0x0000005363400000)]
  0x00000223ef119da0 JavaThread "Catalina-utility-2" [_thread_blocked, id=3032, stack(0x0000005363400000,0x0000005363500000)]
  0x00000223ef11a270 JavaThread "container-0" [_thread_blocked, id=3004, stack(0x0000005363500000,0x0000005363600000)]
  0x00000223ef11b0e0 JavaThread "mysql-cj-abandoned-connection-cleanup" daemon [_thread_blocked, id=8712, stack(0x0000005363600000,0x0000005363700000)]
  0x00000223ef117720 JavaThread "HikariPool-1 housekeeper" daemon [_thread_blocked, id=4028, stack(0x0000005363800000,0x0000005363900000)]
  0x00000223ef11ac10 JavaThread "Live Reload Server" daemon [_thread_in_native, id=4348, stack(0x0000005363c00000,0x0000005363d00000)]
  0x00000223ef118f30 JavaThread "http-nio-8080-exec-1" daemon [_thread_blocked, id=4344, stack(0x0000005363b00000,0x0000005363c00000)]
  0x00000223f356ad40 JavaThread "http-nio-8080-exec-2" daemon [_thread_blocked, id=4412, stack(0x0000005363d00000,0x0000005363e00000)]
  0x00000223f356b6e0 JavaThread "http-nio-8080-exec-3" daemon [_thread_blocked, id=4464, stack(0x0000005363e00000,0x0000005363f00000)]
  0x00000223f356a870 JavaThread "http-nio-8080-exec-4" daemon [_thread_blocked, id=4460, stack(0x0000005363f00000,0x0000005364000000)]
  0x00000223f356c550 JavaThread "http-nio-8080-exec-5" daemon [_thread_blocked, id=3932, stack(0x0000005364000000,0x0000005364100000)]
  0x00000223f356ca20 JavaThread "http-nio-8080-exec-6" daemon [_thread_blocked, id=14096, stack(0x0000005364100000,0x0000005364200000)]
  0x00000223f3569530 JavaThread "http-nio-8080-exec-7" daemon [_thread_blocked, id=14100, stack(0x0000005364200000,0x0000005364300000)]
  0x00000223f356bbb0 JavaThread "http-nio-8080-exec-8" daemon [_thread_blocked, id=14104, stack(0x0000005364300000,0x0000005364400000)]
  0x00000223f356b210 JavaThread "http-nio-8080-exec-9" daemon [_thread_blocked, id=14088, stack(0x0000005364400000,0x0000005364500000)]
  0x00000223f3569ed0 JavaThread "http-nio-8080-exec-10" daemon [_thread_blocked, id=3408, stack(0x0000005364500000,0x0000005364600000)]
  0x00000223f356a3a0 JavaThread "http-nio-8080-Poller" daemon [_thread_in_native, id=13808, stack(0x0000005364600000,0x0000005364700000)]
  0x00000223f3569a00 JavaThread "http-nio-8080-Acceptor" daemon [_thread_in_native, id=2124, stack(0x0000005364700000,0x0000005364800000)]
  0x00000223f356c080 JavaThread "DestroyJavaVM" [_thread_blocked, id=13580, stack(0x0000005361400000,0x0000005361500000)]

Other Threads:
  0x00000223ecac8f90 VMThread "VM Thread" [stack: 0x0000005361a00000,0x0000005361b00000] [id=12352]
  0x00000223ed6128c0 WatcherThread [stack: 0x0000005362500000,0x0000005362600000] [id=13448]
  0x00000223ce42d4a0 GCTaskThread "GC Thread#0" [stack: 0x0000005361500000,0x0000005361600000] [id=13884]
  0x00000223edf20450 GCTaskThread "GC Thread#1" [stack: 0x0000005362900000,0x0000005362a00000] [id=6880]
  0x00000223edf20700 GCTaskThread "GC Thread#2" [stack: 0x0000005362a00000,0x0000005362b00000] [id=5344]
  0x00000223ee06ccd0 GCTaskThread "GC Thread#3" [stack: 0x0000005362b00000,0x0000005362c00000] [id=7656]
  0x00000223ede00830 GCTaskThread "GC Thread#4" [stack: 0x0000005362c00000,0x0000005362d00000] [id=5724]
  0x00000223efff1820 GCTaskThread "GC Thread#5" [stack: 0x0000005363000000,0x0000005363100000] [id=12044]
  0x00000223ee8579f0 GCTaskThread "GC Thread#6" [stack: 0x0000005363100000,0x0000005363200000] [id=13588]
  0x00000223efcdddc0 GCTaskThread "GC Thread#7" [stack: 0x0000005363200000,0x0000005363300000] [id=4340]
  0x00000223ce441160 ConcurrentGCThread "G1 Main Marker" [stack: 0x0000005361600000,0x0000005361700000] [id=13936]
  0x00000223ce442a20 ConcurrentGCThread "G1 Conc#0" [stack: 0x0000005361700000,0x0000005361800000] [id=13888]
  0x00000223f1237740 ConcurrentGCThread "G1 Conc#1" [stack: 0x0000005362f00000,0x0000005363000000] [id=3260]
  0x00000223ce4ad1f0 ConcurrentGCThread "G1 Refine#0" [stack: 0x0000005361800000,0x0000005361900000] [id=13872]
  0x00000223ce4adab0 ConcurrentGCThread "G1 Service" [stack: 0x0000005361900000,0x0000005361a00000] [id=13876]

Threads with active compile tasks:
C2 CompilerThread0   307621 9939   !   4       java.lang.Throwable::printStackTrace (177 bytes)

VM state: not at safepoint (normal execution)

VM Mutex/Monitor currently owned by a thread: None

Heap address: 0x0000000083800000, size: 1992 MB, Compressed Oops mode: 32-bit

CDS archive(s) mapped at: [0x0000000800000000-0x0000000800bc0000-0x0000000800bc0000), size 12320768, SharedBaseAddress: 0x0000000800000000, ArchiveRelocationMode: 0.
Compressed class space mapped at: 0x0000000800c00000-0x0000000840c00000, reserved size: 1073741824
Narrow klass base: 0x0000000800000000, Narrow klass shift: 0, Narrow klass range: 0x100000000

GC Precious Log:
 CPUs: 8 total, 8 available
 Memory: 7967M
 Large Page Support: Disabled
 NUMA Support: Disabled
 Compressed Oops: Enabled (32-bit)
 Heap Region Size: 1M
 Heap Min Capacity: 8M
 Heap Initial Capacity: 126M
 Heap Max Capacity: 1992M
 Pre-touch: Disabled
 Parallel Workers: 8
 Concurrent Workers: 2
 Concurrent Refinement Workers: 8
 Periodic GC: Disabled

Heap:
 garbage-first heap   total 71680K, used 60655K [0x0000000083800000, 0x0000000100000000)
  region size 1024K, 31 young (31744K), 1 survivors (1024K)
 Metaspace       used 71718K, committed 72320K, reserved 1114112K
  class space    used 9398K, committed 9664K, reserved 1048576K

Heap Regions: E=young(eden), S=young(survivor), O=old, HS=humongous(starts), HC=humongous(continues), CS=collection set, F=free, OA=open archive, CA=closed archive, TAMS=top-at-mark-start (previous, next)
|   0|0x0000000083800000, 0x0000000083900000, 0x0000000083900000|100%|HS|  |TAMS 0x0000000083900000, 0x0000000083800000| Complete 
|   1|0x0000000083900000, 0x0000000083a00000, 0x0000000083a00000|100%| O|  |TAMS 0x0000000083a00000, 0x0000000083900000| Untracked 
|   2|0x0000000083a00000, 0x0000000083b00000, 0x0000000083b00000|100%| O|  |TAMS 0x0000000083b00000, 0x0000000083a00000| Untracked 
|   3|0x0000000083b00000, 0x0000000083c00000, 0x0000000083c00000|100%| O|  |TAMS 0x0000000083c00000, 0x0000000083b00000| Untracked 
|   4|0x0000000083c00000, 0x0000000083d00000, 0x0000000083d00000|100%| O|  |TAMS 0x0000000083d00000, 0x0000000083c00000| Untracked 
|   5|0x0000000083d00000, 0x0000000083e00000, 0x0000000083e00000|100%| O|  |TAMS 0x0000000083e00000, 0x0000000083d00000| Untracked 
|   6|0x0000000083e00000, 0x0000000083f00000, 0x0000000083f00000|100%| O|  |TAMS 0x0000000083e00000, 0x0000000083e00000| Untracked 
|   7|0x0000000083f00000, 0x0000000084000000, 0x0000000084000000|100%| O|  |TAMS 0x0000000084000000, 0x0000000083f00000| Untracked 
|   8|0x0000000084000000, 0x0000000084100000, 0x0000000084100000|100%| O|  |TAMS 0x0000000084100000, 0x0000000084000000| Untracked 
|   9|0x0000000084100000, 0x0000000084200000, 0x0000000084200000|100%| O|  |TAMS 0x0000000084200000, 0x0000000084100000| Untracked 
|  10|0x0000000084200000, 0x0000000084300000, 0x0000000084300000|100%| O|  |TAMS 0x0000000084300000, 0x0000000084200000| Untracked 
|  11|0x0000000084300000, 0x0000000084400000, 0x0000000084400000|100%| O|  |TAMS 0x0000000084400000, 0x0000000084300000| Untracked 
|  12|0x0000000084400000, 0x0000000084500000, 0x0000000084500000|100%| O|  |TAMS 0x0000000084500000, 0x0000000084400000| Untracked 
|  13|0x0000000084500000, 0x0000000084600000, 0x0000000084600000|100%| O|  |TAMS 0x0000000084600000, 0x0000000084500000| Untracked 
|  14|0x0000000084600000, 0x0000000084700000, 0x0000000084700000|100%| O|  |TAMS 0x0000000084700000, 0x0000000084600000| Untracked 
|  15|0x0000000084700000, 0x0000000084800000, 0x0000000084800000|100%| O|  |TAMS 0x0000000084800000, 0x0000000084700000| Untracked 
|  16|0x0000000084800000, 0x000000008489c200, 0x0000000084900000| 60%| O|  |TAMS 0x000000008489c200, 0x0000000084800000| Untracked 
|  17|0x0000000084900000, 0x0000000084a00000, 0x0000000084a00000|100%| O|  |TAMS 0x0000000084900000, 0x0000000084900000| Untracked 
|  18|0x0000000084a00000, 0x0000000084b00000, 0x0000000084b00000|100%| O|  |TAMS 0x0000000084a00000, 0x0000000084a00000| Untracked 
|  19|0x0000000084b00000, 0x0000000084c00000, 0x0000000084c00000|100%| O|  |TAMS 0x0000000084b00000, 0x0000000084b00000| Untracked 
|  20|0x0000000084c00000, 0x0000000084d00000, 0x0000000084d00000|100%| O|  |TAMS 0x0000000084c00000, 0x0000000084c00000| Untracked 
|  21|0x0000000084d00000, 0x0000000084e00000, 0x0000000084e00000|100%| O|  |TAMS 0x0000000084d00000, 0x0000000084d00000| Untracked 
|  22|0x0000000084e00000, 0x0000000084f00000, 0x0000000084f00000|100%| O|  |TAMS 0x0000000084e00000, 0x0000000084e00000| Untracked 
|  23|0x0000000084f00000, 0x0000000085000000, 0x0000000085000000|100%| O|  |TAMS 0x0000000084f00000, 0x0000000084f00000| Untracked 
|  24|0x0000000085000000, 0x0000000085100000, 0x0000000085100000|100%| O|  |TAMS 0x0000000085000000, 0x0000000085000000| Untracked 
|  25|0x0000000085100000, 0x0000000085200000, 0x0000000085200000|100%| O|  |TAMS 0x0000000085100000, 0x0000000085100000| Untracked 
|  26|0x0000000085200000, 0x0000000085300000, 0x0000000085300000|100%| O|  |TAMS 0x0000000085200000, 0x0000000085200000| Untracked 
|  27|0x0000000085300000, 0x0000000085400000, 0x0000000085400000|100%| O|  |TAMS 0x0000000085300000, 0x0000000085300000| Untracked 
|  28|0x0000000085400000, 0x0000000085500000, 0x0000000085500000|100%| O|  |TAMS 0x0000000085400000, 0x0000000085400000| Untracked 
|  29|0x0000000085500000, 0x0000000085600000, 0x0000000085600000|100%| O|  |TAMS 0x0000000085500000, 0x0000000085500000| Untracked 
|  30|0x0000000085600000, 0x000000008567e200, 0x0000000085700000| 49%| O|  |TAMS 0x0000000085600000, 0x0000000085600000| Untracked 
|  31|0x0000000085700000, 0x0000000085700000, 0x0000000085800000|  0%| F|  |TAMS 0x0000000085700000, 0x0000000085700000| Untracked 
|  32|0x0000000085800000, 0x0000000085800000, 0x0000000085900000|  0%| F|  |TAMS 0x0000000085800000, 0x0000000085800000| Untracked 
|  33|0x0000000085900000, 0x0000000085900000, 0x0000000085a00000|  0%| F|  |TAMS 0x0000000085900000, 0x0000000085900000| Untracked 
|  34|0x0000000085a00000, 0x0000000085a00000, 0x0000000085b00000|  0%| F|  |TAMS 0x0000000085a00000, 0x0000000085a00000| Untracked 
|  35|0x0000000085b00000, 0x0000000085b00000, 0x0000000085c00000|  0%| F|  |TAMS 0x0000000085b00000, 0x0000000085b00000| Untracked 
|  36|0x0000000085c00000, 0x0000000085c00000, 0x0000000085d00000|  0%| F|  |TAMS 0x0000000085c00000, 0x0000000085c00000| Untracked 
|  37|0x0000000085d00000, 0x0000000085d00000, 0x0000000085e00000|  0%| F|  |TAMS 0x0000000085d00000, 0x0000000085d00000| Untracked 
|  38|0x0000000085e00000, 0x0000000085e00000, 0x0000000085f00000|  0%| F|  |TAMS 0x0000000085e00000, 0x0000000085e00000| Untracked 
|  39|0x0000000085f00000, 0x0000000085f219f0, 0x0000000086000000| 13%| S|CS|TAMS 0x0000000085f00000, 0x0000000085f00000| Complete 
|  40|0x0000000086000000, 0x00000000860d55b8, 0x0000000086100000| 83%| E|  |TAMS 0x0000000086000000, 0x0000000086000000| Complete 
|  41|0x0000000086100000, 0x0000000086200000, 0x0000000086200000|100%| E|CS|TAMS 0x0000000086100000, 0x0000000086100000| Complete 
|  42|0x0000000086200000, 0x0000000086300000, 0x0000000086300000|100%| E|CS|TAMS 0x0000000086200000, 0x0000000086200000| Complete 
|  43|0x0000000086300000, 0x0000000086400000, 0x0000000086400000|100%| E|CS|TAMS 0x0000000086300000, 0x0000000086300000| Complete 
|  44|0x0000000086400000, 0x0000000086500000, 0x0000000086500000|100%| E|CS|TAMS 0x0000000086400000, 0x0000000086400000| Complete 
|  45|0x0000000086500000, 0x0000000086600000, 0x0000000086600000|100%| E|CS|TAMS 0x0000000086500000, 0x0000000086500000| Complete 
|  46|0x0000000086600000, 0x0000000086700000, 0x0000000086700000|100%| E|CS|TAMS 0x0000000086600000, 0x0000000086600000| Complete 
|  47|0x0000000086700000, 0x0000000086800000, 0x0000000086800000|100%| E|CS|TAMS 0x0000000086700000, 0x0000000086700000| Complete 
|  48|0x0000000086800000, 0x0000000086900000, 0x0000000086900000|100%| E|CS|TAMS 0x0000000086800000, 0x0000000086800000| Complete 
|  49|0x0000000086900000, 0x0000000086a00000, 0x0000000086a00000|100%| E|CS|TAMS 0x0000000086900000, 0x0000000086900000| Complete 
|  50|0x0000000086a00000, 0x0000000086b00000, 0x0000000086b00000|100%| E|CS|TAMS 0x0000000086a00000, 0x0000000086a00000| Complete 
|  51|0x0000000086b00000, 0x0000000086c00000, 0x0000000086c00000|100%| E|CS|TAMS 0x0000000086b00000, 0x0000000086b00000| Complete 
|  52|0x0000000086c00000, 0x0000000086d00000, 0x0000000086d00000|100%| E|CS|TAMS 0x0000000086c00000, 0x0000000086c00000| Complete 
|  53|0x0000000086d00000, 0x0000000086e00000, 0x0000000086e00000|100%| E|CS|TAMS 0x0000000086d00000, 0x0000000086d00000| Complete 
|  54|0x0000000086e00000, 0x0000000086f00000, 0x0000000086f00000|100%| E|CS|TAMS 0x0000000086e00000, 0x0000000086e00000| Complete 
|  55|0x0000000086f00000, 0x0000000087000000, 0x0000000087000000|100%| E|CS|TAMS 0x0000000086f00000, 0x0000000086f00000| Complete 
|  56|0x0000000087000000, 0x0000000087100000, 0x0000000087100000|100%| E|CS|TAMS 0x0000000087000000, 0x0000000087000000| Complete 
|  57|0x0000000087100000, 0x0000000087200000, 0x0000000087200000|100%| E|CS|TAMS 0x0000000087100000, 0x0000000087100000| Complete 
|  58|0x0000000087200000, 0x0000000087300000, 0x0000000087300000|100%| E|CS|TAMS 0x0000000087200000, 0x0000000087200000| Complete 
|  59|0x0000000087300000, 0x0000000087400000, 0x0000000087400000|100%| E|CS|TAMS 0x0000000087300000, 0x0000000087300000| Complete 
|  60|0x0000000087400000, 0x0000000087500000, 0x0000000087500000|100%| E|CS|TAMS 0x0000000087400000, 0x0000000087400000| Complete 
|  61|0x0000000087500000, 0x0000000087600000, 0x0000000087600000|100%| E|CS|TAMS 0x0000000087500000, 0x0000000087500000| Complete 
|  62|0x0000000087600000, 0x0000000087700000, 0x0000000087700000|100%| E|CS|TAMS 0x0000000087600000, 0x0000000087600000| Complete 
|  63|0x0000000087700000, 0x0000000087800000, 0x0000000087800000|100%| E|CS|TAMS 0x0000000087700000, 0x0000000087700000| Complete 
|  64|0x0000000087800000, 0x0000000087900000, 0x0000000087900000|100%| E|CS|TAMS 0x0000000087800000, 0x0000000087800000| Complete 
|  96|0x0000000089800000, 0x0000000089900000, 0x0000000089900000|100%| E|CS|TAMS 0x0000000089800000, 0x0000000089800000| Complete 
|  97|0x0000000089900000, 0x0000000089a00000, 0x0000000089a00000|100%| E|CS|TAMS 0x0000000089900000, 0x0000000089900000| Complete 
|  98|0x0000000089a00000, 0x0000000089b00000, 0x0000000089b00000|100%| E|CS|TAMS 0x0000000089a00000, 0x0000000089a00000| Complete 
|  99|0x0000000089b00000, 0x0000000089c00000, 0x0000000089c00000|100%| E|CS|TAMS 0x0000000089b00000, 0x0000000089b00000| Complete 
| 125|0x000000008b500000, 0x000000008b600000, 0x000000008b600000|100%| E|CS|TAMS 0x000000008b500000, 0x000000008b500000| Complete 

Card table byte_map: [0x00000223e5ab0000,0x00000223e5ea0000] _byte_map_base: 0x00000223e5694000

Marking Bits (Prev, Next): (CMBitMap*) 0x00000223ce42daf0, (CMBitMap*) 0x00000223ce42dab0
 Prev Bits: [0x00000223e81b0000, 0x00000223ea0d0000)
 Next Bits: [0x00000223e6290000, 0x00000223e81b0000)

Polling page: 0x00000223ccb40000

Metaspace:

Usage:
  Non-class:     60.86 MB used.
      Class:      9.18 MB used.
       Both:     70.04 MB used.

Virtual space:
  Non-class space:       64.00 MB reserved,      61.19 MB ( 96%) committed,  8 nodes.
      Class space:        1.00 GB reserved,       9.44 MB ( <1%) committed,  1 nodes.
             Both:        1.06 GB reserved,      70.62 MB (  6%) committed. 

Chunk freelists:
   Non-Class:  2.30 MB
       Class:  2.39 MB
        Both:  4.69 MB

MaxMetaspaceSize: unlimited
CompressedClassSpaceSize: 1.00 GB
Initial GC threshold: 21.00 MB
Current GC threshold: 75.56 MB
CDS: on
MetaspaceReclaimPolicy: balanced
 - commit_granule_bytes: 65536.
 - commit_granule_words: 8192.
 - virtual_space_node_default_size: 1048576.
 - enlarge_chunks_in_place: 1.
 - new_chunks_are_fully_committed: 0.
 - uncommit_free_chunks: 1.
 - use_allocation_guard: 0.
 - handle_deallocations: 1.


Internal statistics:

num_allocs_failed_limit: 9.
num_arena_births: 772.
num_arena_deaths: 0.
num_vsnodes_births: 9.
num_vsnodes_deaths: 0.
num_space_committed: 1130.
num_space_uncommitted: 0.
num_chunks_returned_to_freelist: 9.
num_chunks_taken_from_freelist: 3340.
num_chunk_merges: 9.
num_chunk_splits: 2406.
num_chunks_enlarged: 1867.
num_purges: 0.
num_inconsistent_stats: 0.

CodeHeap 'non-profiled nmethods': size=120000Kb used=8386Kb max_used=8386Kb free=111613Kb
 bounds [0x00000223dd720000, 0x00000223ddf60000, 0x00000223e4c50000]
CodeHeap 'profiled nmethods': size=120000Kb used=13838Kb max_used=17331Kb free=106161Kb
 bounds [0x00000223d61f0000, 0x00000223d7300000, 0x00000223dd720000]
CodeHeap 'non-nmethods': size=5760Kb used=1374Kb max_used=1444Kb free=4385Kb
 bounds [0x00000223d5c50000, 0x00000223d5ec0000, 0x00000223d61f0000]
 total_blobs=8528 nmethods=7838 adapters=601
 compilation: enabled
              stopped_count=0, restarted_count=0
 full_count=0

Compilation events (20 events):
Event: 299.348 Thread 0x00000223ecaec480 nmethod 9929 0x00000223ddf4f590 code [0x00000223ddf4f720, 0x00000223ddf4fb38]
Event: 300.532 Thread 0x00000223ecaf0030 9930       3       java.lang.invoke.LambdaFormEditor::getInCache (165 bytes)
Event: 300.533 Thread 0x00000223ecaf0030 nmethod 9930 0x00000223d6b13010 code [0x00000223d6b13280, 0x00000223d6b141f8]
Event: 303.861 Thread 0x00000223ecaf0030 9931       3       java.util.concurrent.ScheduledThreadPoolExecutor$DelayedWorkQueue::finishPoll (43 bytes)
Event: 303.862 Thread 0x00000223ecaf0030 nmethod 9931 0x00000223d61f1190 code [0x00000223d61f1360, 0x00000223d61f1968]
Event: 304.650 Thread 0x00000223ecaf0030 9932       3       java.util.concurrent.ScheduledThreadPoolExecutor$ScheduledFutureTask::setNextRunTime (38 bytes)
Event: 304.651 Thread 0x00000223ecaf0030 nmethod 9932 0x00000223d6e8e210 code [0x00000223d6e8e3c0, 0x00000223d6e8e5c8]
Event: 304.651 Thread 0x00000223ecaf0030 9933       3       java.util.concurrent.ScheduledThreadPoolExecutor::reExecutePeriodic (49 bytes)
Event: 304.654 Thread 0x00000223ecaf0030 nmethod 9933 0x00000223d6456510 code [0x00000223d6456720, 0x00000223d6456da8]
Event: 305.101 Thread 0x00000223ecaec480 9934       4       ch.qos.logback.classic.Logger::isDebugEnabled (6 bytes)
Event: 305.114 Thread 0x00000223ecaec480 nmethod 9934 0x00000223ddf4fc90 code [0x00000223ddf4fe60, 0x00000223ddf50208]
Event: 305.419 Thread 0x00000223ecaf0030 9935       3       java.lang.StackTraceElement::toString (322 bytes)
Event: 305.421 Thread 0x00000223ecaec480 9939   !   4       java.lang.Throwable::printStackTrace (177 bytes)
Event: 305.426 Thread 0x00000223ecaf0030 nmethod 9935 0x00000223d6ee6b10 code [0x00000223d6ee7180, 0x00000223d6ee9ff8]
Event: 305.426 Thread 0x00000223ecaf0030 9938  s!   3       java.lang.StackTraceElement::computeFormat (71 bytes)
Event: 305.427 Thread 0x00000223ecaf0030 nmethod 9938 0x00000223d66bc610 code [0x00000223d66bc820, 0x00000223d66bd0d8]
Event: 305.427 Thread 0x00000223ecaf0030 9936       3       org.apache.tomcat.util.net.NioEndpoint$NioSocketWrapper::registerReadInterest (46 bytes)
Event: 305.429 Thread 0x00000223ecaf0030 nmethod 9936 0x00000223d6d4c190 code [0x00000223d6d4c3c0, 0x00000223d6d4cc08]
Event: 305.429 Thread 0x00000223ecaf0030 9937       1       org.apache.catalina.webresources.EmptyResource::exists (2 bytes)
Event: 305.429 Thread 0x00000223ecaf0030 nmethod 9937 0x00000223ddf50710 code [0x00000223ddf508a0, 0x00000223ddf50978]

GC Heap History (20 events):
Event: 196.867 GC heap before
{Heap before GC invocations=63 (full 0):
 garbage-first heap   total 71680K, used 60596K [0x0000000083800000, 0x0000000100000000)
  region size 1024K, 31 young (31744K), 1 survivors (1024K)
 Metaspace       used 71621K, committed 72192K, reserved 1114112K
  class space    used 9391K, committed 9664K, reserved 1048576K
}
Event: 196.868 GC heap after
{Heap after GC invocations=64 (full 0):
 garbage-first heap   total 71680K, used 30914K [0x0000000083800000, 0x0000000100000000)
  region size 1024K, 1 young (1024K), 1 survivors (1024K)
 Metaspace       used 71621K, committed 72192K, reserved 1114112K
  class space    used 9391K, committed 9664K, reserved 1048576K
}
Event: 200.858 GC heap before
{Heap before GC invocations=64 (full 0):
 garbage-first heap   total 71680K, used 61634K [0x0000000083800000, 0x0000000100000000)
  region size 1024K, 31 young (31744K), 1 survivors (1024K)
 Metaspace       used 71625K, committed 72192K, reserved 1114112K
  class space    used 9391K, committed 9664K, reserved 1048576K
}
Event: 200.860 GC heap after
{Heap after GC invocations=65 (full 0):
 garbage-first heap   total 71680K, used 30937K [0x0000000083800000, 0x0000000100000000)
  region size 1024K, 1 young (1024K), 1 survivors (1024K)
 Metaspace       used 71625K, committed 72192K, reserved 1114112K
  class space    used 9391K, committed 9664K, reserved 1048576K
}
Event: 202.068 GC heap before
{Heap before GC invocations=65 (full 0):
 garbage-first heap   total 71680K, used 61657K [0x0000000083800000, 0x0000000100000000)
  region size 1024K, 31 young (31744K), 1 survivors (1024K)
 Metaspace       used 71633K, committed 72192K, reserved 1114112K
  class space    used 9391K, committed 9664K, reserved 1048576K
}
Event: 202.069 GC heap after
{Heap after GC invocations=66 (full 0):
 garbage-first heap   total 71680K, used 30948K [0x0000000083800000, 0x0000000100000000)
  region size 1024K, 1 young (1024K), 1 survivors (1024K)
 Metaspace       used 71633K, committed 72192K, reserved 1114112K
  class space    used 9391K, committed 9664K, reserved 1048576K
}
Event: 203.511 GC heap before
{Heap before GC invocations=66 (full 0):
 garbage-first heap   total 71680K, used 60644K [0x0000000083800000, 0x0000000100000000)
  region size 1024K, 31 young (31744K), 1 survivors (1024K)
 Metaspace       used 71638K, committed 72192K, reserved 1114112K
  class space    used 9391K, committed 9664K, reserved 1048576K
}
Event: 203.514 GC heap after
{Heap after GC invocations=67 (full 0):
 garbage-first heap   total 71680K, used 30958K [0x0000000083800000, 0x0000000100000000)
  region size 1024K, 1 young (1024K), 1 survivors (1024K)
 Metaspace       used 71638K, committed 72192K, reserved 1114112K
  class space    used 9391K, committed 9664K, reserved 1048576K
}
Event: 204.940 GC heap before
{Heap before GC invocations=67 (full 0):
 garbage-first heap   total 71680K, used 60654K [0x0000000083800000, 0x0000000100000000)
  region size 1024K, 31 young (31744K), 1 survivors (1024K)
 Metaspace       used 71650K, committed 72256K, reserved 1114112K
  class space    used 9391K, committed 9664K, reserved 1048576K
}
Event: 204.942 GC heap after
{Heap after GC invocations=68 (full 0):
 garbage-first heap   total 71680K, used 30966K [0x0000000083800000, 0x0000000100000000)
  region size 1024K, 1 young (1024K), 1 survivors (1024K)
 Metaspace       used 71650K, committed 72256K, reserved 1114112K
  class space    used 9391K, committed 9664K, reserved 1048576K
}
Event: 206.032 GC heap before
{Heap before GC invocations=68 (full 0):
 garbage-first heap   total 71680K, used 61686K [0x0000000083800000, 0x0000000100000000)
  region size 1024K, 31 young (31744K), 1 survivors (1024K)
 Metaspace       used 71651K, committed 72256K, reserved 1114112K
  class space    used 9391K, committed 9664K, reserved 1048576K
}
Event: 206.034 GC heap after
{Heap after GC invocations=69 (full 0):
 garbage-first heap   total 71680K, used 30960K [0x0000000083800000, 0x0000000100000000)
  region size 1024K, 1 young (1024K), 1 survivors (1024K)
 Metaspace       used 71651K, committed 72256K, reserved 1114112K
  class space    used 9391K, committed 9664K, reserved 1048576K
}
Event: 207.332 GC heap before
{Heap before GC invocations=69 (full 0):
 garbage-first heap   total 71680K, used 60656K [0x0000000083800000, 0x0000000100000000)
  region size 1024K, 31 young (31744K), 1 survivors (1024K)
 Metaspace       used 71653K, committed 72256K, reserved 1114112K
  class space    used 9391K, committed 9664K, reserved 1048576K
}
Event: 207.333 GC heap after
{Heap after GC invocations=70 (full 0):
 garbage-first heap   total 71680K, used 30959K [0x0000000083800000, 0x0000000100000000)
  region size 1024K, 1 young (1024K), 1 survivors (1024K)
 Metaspace       used 71653K, committed 72256K, reserved 1114112K
  class space    used 9391K, committed 9664K, reserved 1048576K
}
Event: 233.696 GC heap before
{Heap before GC invocations=70 (full 0):
 garbage-first heap   total 71680K, used 60655K [0x0000000083800000, 0x0000000100000000)
  region size 1024K, 31 young (31744K), 1 survivors (1024K)
 Metaspace       used 71653K, committed 72256K, reserved 1114112K
  class space    used 9391K, committed 9664K, reserved 1048576K
}
Event: 233.697 GC heap after
{Heap after GC invocations=71 (full 0):
 garbage-first heap   total 71680K, used 30963K [0x0000000083800000, 0x0000000100000000)
  region size 1024K, 1 young (1024K), 1 survivors (1024K)
 Metaspace       used 71653K, committed 72256K, reserved 1114112K
  class space    used 9391K, committed 9664K, reserved 1048576K
}
Event: 248.404 GC heap before
{Heap before GC invocations=71 (full 0):
 garbage-first heap   total 71680K, used 61683K [0x0000000083800000, 0x0000000100000000)
  region size 1024K, 31 young (31744K), 1 survivors (1024K)
 Metaspace       used 71653K, committed 72256K, reserved 1114112K
  class space    used 9391K, committed 9664K, reserved 1048576K
}
Event: 248.405 GC heap after
{Heap after GC invocations=72 (full 0):
 garbage-first heap   total 71680K, used 30946K [0x0000000083800000, 0x0000000100000000)
  region size 1024K, 1 young (1024K), 1 survivors (1024K)
 Metaspace       used 71653K, committed 72256K, reserved 1114112K
  class space    used 9391K, committed 9664K, reserved 1048576K
}
Event: 249.125 GC heap before
{Heap before GC invocations=72 (full 0):
 garbage-first heap   total 71680K, used 61666K [0x0000000083800000, 0x0000000100000000)
  region size 1024K, 31 young (31744K), 1 survivors (1024K)
 Metaspace       used 71655K, committed 72256K, reserved 1114112K
  class space    used 9391K, committed 9664K, reserved 1048576K
}
Event: 249.127 GC heap after
{Heap after GC invocations=73 (full 0):
 garbage-first heap   total 71680K, used 30959K [0x0000000083800000, 0x0000000100000000)
  region size 1024K, 1 young (1024K), 1 survivors (1024K)
 Metaspace       used 71655K, committed 72256K, reserved 1114112K
  class space    used 9391K, committed 9664K, reserved 1048576K
}

Deoptimization events (20 events):
Event: 295.052 Thread 0x00000223ef118590 Uncommon trap: trap_request=0xffffffde fr.pc=0x00000223ddce79b8 relative=0x0000000000000578
Event: 295.052 Thread 0x00000223ef118590 Uncommon trap: reason=class_check action=maybe_recompile pc=0x00000223ddce79b8 method=java.lang.Throwable.getLocalizedMessage()Ljava/lang/String; @ 1 c2
Event: 295.052 Thread 0x00000223ef118590 DEOPT PACKING pc=0x00000223ddce79b8 sp=0x0000005363aff230
Event: 295.052 Thread 0x00000223ef118590 DEOPT UNPACKING pc=0x00000223d5ca5c23 sp=0x0000005363aff188 mode 2
Event: 299.352 Thread 0x00000223f356a3a0 Uncommon trap: trap_request=0xffffff45 fr.pc=0x00000223ddc81ba8 relative=0x00000000000002c8
Event: 299.352 Thread 0x00000223f356a3a0 Uncommon trap: reason=unstable_if action=reinterpret pc=0x00000223ddc81ba8 method=ch.qos.logback.classic.Level.fromLocationAwareLoggerInteger(I)Lch/qos/logback/classic/Level; @ 1 c2
Event: 299.352 Thread 0x00000223f356a3a0 DEOPT PACKING pc=0x00000223ddc81ba8 sp=0x00000053646fefc0
Event: 299.352 Thread 0x00000223f356a3a0 DEOPT UNPACKING pc=0x00000223d5ca5c23 sp=0x00000053646fef60 mode 2
Event: 300.474 Thread 0x00000223f356a3a0 Uncommon trap: trap_request=0xffffff45 fr.pc=0x00000223ddc43b10 relative=0x00000000000008d0
Event: 300.474 Thread 0x00000223f356a3a0 Uncommon trap: reason=unstable_if action=reinterpret pc=0x00000223ddc43b10 method=java.lang.Module.getLayer()Ljava/lang/ModuleLayer; @ 13 c2
Event: 300.474 Thread 0x00000223f356a3a0 DEOPT PACKING pc=0x00000223ddc43b10 sp=0x00000053646feae0
Event: 300.474 Thread 0x00000223f356a3a0 DEOPT UNPACKING pc=0x00000223d5ca5c23 sp=0x00000053646fe920 mode 2
Event: 300.474 Thread 0x00000223f356a3a0 Uncommon trap: trap_request=0xffffff45 fr.pc=0x00000223ddb94108 relative=0x0000000000000448
Event: 300.474 Thread 0x00000223f356a3a0 Uncommon trap: reason=unstable_if action=reinterpret pc=0x00000223ddb94108 method=java.lang.Module.getLayer()Ljava/lang/ModuleLayer; @ 13 c2
Event: 300.474 Thread 0x00000223f356a3a0 DEOPT PACKING pc=0x00000223ddb94108 sp=0x00000053646fea50
Event: 300.474 Thread 0x00000223f356a3a0 DEOPT UNPACKING pc=0x00000223d5ca5c23 sp=0x00000053646fe918 mode 2
Event: 300.526 Thread 0x00000223f356a3a0 Uncommon trap: trap_request=0xffffff45 fr.pc=0x00000223ddb9b41c relative=0x00000000000029dc
Event: 300.526 Thread 0x00000223f356a3a0 Uncommon trap: reason=unstable_if action=reinterpret pc=0x00000223ddb9b41c method=java.lang.StackTraceElement.isNativeMethod()Z @ 6 c2
Event: 300.526 Thread 0x00000223f356a3a0 DEOPT PACKING pc=0x00000223ddb9b41c sp=0x00000053646fe410
Event: 300.526 Thread 0x00000223f356a3a0 DEOPT UNPACKING pc=0x00000223d5ca5c23 sp=0x00000053646fe3a8 mode 2

Classes unloaded (0 events):
No events

Classes redefined (0 events):
No events

Internal exceptions (20 events):
Event: 107.498 Thread 0x00000223ef118f30 Exception <a 'java/lang/NoSuchMethodError'{0x0000000086256008}: 'java.lang.Object java.lang.invoke.DirectMethodHandle$Holder.invokeSpecial(java.lang.Object, java.lang.Object, java.lang.Object, java.lang.Object, java.lang.Object, long)'> (0x0000000086256008) 
thrown [t:\workspace\open\src\hotspot\share\interpreter\linkResolver.cpp, line 766]
Event: 107.499 Thread 0x00000223ef118f30 Exception <a 'java/lang/NoSuchMethodError'{0x0000000086259a48}: 'java.lang.Object java.lang.invoke.Invokers$Holder.linkToTargetMethod(java.lang.Object, java.lang.Object, java.lang.Object, long, java.lang.Object)'> (0x0000000086259a48) 
thrown [t:\workspace\open\src\hotspot\share\interpreter\linkResolver.cpp, line 766]
Event: 108.109 Thread 0x00000223ef118f30 Exception <a 'java/lang/NoSuchMethodError'{0x00000000899c87d8}: 'java.lang.Object java.lang.invoke.DirectMethodHandle$Holder.invokeInterface(java.lang.Object, java.lang.Object, java.lang.Object, java.lang.Object)'> (0x00000000899c87d8) 
thrown [t:\workspace\open\src\hotspot\share\interpreter\linkResolver.cpp, line 766]
Event: 108.496 Thread 0x00000223ef118f30 Exception <a 'java/lang/IncompatibleClassChangeError'{0x000000008750f750}: Found class java.lang.Object, but interface was expected> (0x000000008750f750) 
thrown [t:\workspace\open\src\hotspot\share\interpreter\linkResolver.cpp, line 833]
Event: 118.546 Thread 0x00000223f356a870 Exception <a 'java/lang/NoSuchMethodError'{0x0000000086f5fc80}: 'void java.lang.invoke.DirectMethodHandle$Holder.invokeSpecialIFC(java.lang.Object, java.lang.Object, int, java.lang.Object, java.lang.Object, java.lang.Object, java.lang.Object)'> (0x0000000086f5fc80) 
thrown [t:\workspace\open\src\hotspot\share\interpreter\linkResolver.cpp, line 766]
Event: 123.648 Thread 0x00000223f3569530 Exception <a 'java/lang/NoSuchMethodError'{0x0000000086e3f228}: 'java.lang.Object java.lang.invoke.DirectMethodHandle$Holder.invokeStatic(java.lang.Object, int, int)'> (0x0000000086e3f228) 
thrown [t:\workspace\open\src\hotspot\share\interpreter\linkResolver.cpp, line 766]
Event: 123.648 Thread 0x00000223f356bbb0 Exception <a 'java/lang/NoSuchMethodError'{0x0000000086e63600}: 'java.lang.Object java.lang.invoke.DirectMethodHandle$Holder.invokeStatic(java.lang.Object, int, int)'> (0x0000000086e63600) 
thrown [t:\workspace\open\src\hotspot\share\interpreter\linkResolver.cpp, line 766]
Event: 139.634 Thread 0x00000223f356b210 Exception <a 'java/io/IOException'{0x00000000874dfd58}> (0x00000000874dfd58) 
thrown [t:\workspace\open\src\hotspot\share\prims\jni.cpp, line 516]
Event: 140.106 Thread 0x00000223f3569ed0 Exception <a 'java/io/IOException'{0x0000000086217a48}> (0x0000000086217a48) 
thrown [t:\workspace\open\src\hotspot\share\prims\jni.cpp, line 516]
Event: 157.162 Thread 0x00000223f356ca20 Implicit null exception at 0x00000223ddbe76ec to 0x00000223ddbe77cb
Event: 157.203 Thread 0x00000223f356ca20 Exception <a 'java/lang/NoSuchMethodError'{0x0000000089a04ef0}: 'int java.lang.invoke.DirectMethodHandle$Holder.invokeStatic(java.lang.Object, java.lang.Object, int, int)'> (0x0000000089a04ef0) 
thrown [t:\workspace\open\src\hotspot\share\interpreter\linkResolver.cpp, line 766]
Event: 161.437 Thread 0x00000223f356a870 Implicit null exception at 0x00000223dda556d3 to 0x00000223dda563d4
Event: 164.792 Thread 0x00000223ef118f30 Exception <a 'java/lang/NoSuchMethodError'{0x0000000087702ba0}: 'java.lang.Object java.lang.invoke.Invokers$Holder.linkToTargetMethod(java.lang.Object, int, java.lang.Object, java.lang.Object, java.lang.Object, java.lang.Object)'> (0x0000000087702ba0) 
thrown [t:\workspace\open\src\hotspot\share\interpreter\linkResolver.cpp, line 766]
Event: 164.795 Thread 0x00000223ef118f30 Exception <a 'java/lang/NoSuchMethodError'{0x000000008773b6e8}: 'int java.lang.invoke.DirectMethodHandle$Holder.invokeStatic(java.lang.Object, java.lang.Object, int, java.lang.Object)'> (0x000000008773b6e8) 
thrown [t:\workspace\open\src\hotspot\share\interpreter\linkResolver.cpp, line 766]
Event: 164.831 Thread 0x00000223ef118f30 Implicit null exception at 0x00000223dd7f642e to 0x00000223dd7f653c
Event: 164.832 Thread 0x00000223f356bbb0 Implicit null exception at 0x00000223ddcbd7c2 to 0x00000223ddcbdc78
Event: 299.334 Thread 0x00000223f356b210 Exception <a 'java/io/IOException'{0x00000000861622e8}> (0x00000000861622e8) 
thrown [t:\workspace\open\src\hotspot\share\prims\jni.cpp, line 516]
Event: 299.334 Thread 0x00000223f3569530 Exception <a 'java/io/IOException'{0x00000000861500a0}> (0x00000000861500a0) 
thrown [t:\workspace\open\src\hotspot\share\prims\jni.cpp, line 516]
Event: 299.334 Thread 0x00000223f356b6e0 Exception <a 'java/io/IOException'{0x000000008612b1f0}> (0x000000008612b1f0) 
thrown [t:\workspace\open\src\hotspot\share\prims\jni.cpp, line 516]
Event: 299.336 Thread 0x00000223f356a3a0 Exception <a 'java/io/IOException'{0x0000000086257d90}> (0x0000000086257d90) 
thrown [t:\workspace\open\src\hotspot\share\prims\jni.cpp, line 516]

VM Operations (20 events):
Event: 206.032 Executing VM operation: G1CollectForAllocation
Event: 206.034 Executing VM operation: G1CollectForAllocation done
Event: 207.332 Executing VM operation: G1CollectForAllocation
Event: 207.334 Executing VM operation: G1CollectForAllocation done
Event: 214.384 Executing VM operation: Cleanup
Event: 214.384 Executing VM operation: Cleanup done
Event: 233.695 Executing VM operation: G1CollectForAllocation
Event: 233.698 Executing VM operation: G1CollectForAllocation done
Event: 248.404 Executing VM operation: G1CollectForAllocation
Event: 248.405 Executing VM operation: G1CollectForAllocation done
Event: 249.125 Executing VM operation: G1CollectForAllocation
Event: 249.128 Executing VM operation: G1CollectForAllocation done
Event: 265.257 Executing VM operation: Cleanup
Event: 265.258 Executing VM operation: Cleanup done
Event: 295.051 Executing VM operation: HandshakeAllThreads
Event: 295.051 Executing VM operation: HandshakeAllThreads done
Event: 296.057 Executing VM operation: Cleanup
Event: 296.058 Executing VM operation: Cleanup done
Event: 301.084 Executing VM operation: Cleanup
Event: 301.084 Executing VM operation: Cleanup done

Events (20 events):
Event: 179.697 Thread 0x00000223f03d4930 Thread added: 0x00000223f03d4930
Event: 180.438 Thread 0x00000223f03d4930 Thread exited: 0x00000223f03d4930
Event: 181.442 Thread 0x00000223f03d4420 Thread added: 0x00000223f03d4420
Event: 182.124 Thread 0x00000223f03d4420 Thread exited: 0x00000223f03d4420
Event: 182.268 Thread 0x00000223f03d3f10 Thread added: 0x00000223f03d3f10
Event: 182.662 Thread 0x00000223f03d3f10 Thread exited: 0x00000223f03d3f10
Event: 182.797 Thread 0x00000223f03d4420 Thread added: 0x00000223f03d4420
Event: 183.265 Thread 0x00000223f03d4420 Thread exited: 0x00000223f03d4420
Event: 183.571 Thread 0x00000223f03d6ca0 Thread added: 0x00000223f03d6ca0
Event: 183.588 Thread 0x00000223ecaf8640 flushing nmethod 0x00000223d6a76090
Event: 183.593 Thread 0x00000223ecaf8640 flushing nmethod 0x00000223d715b690
Event: 183.593 Thread 0x00000223ecaf8640 flushing nmethod 0x00000223d7187590
Event: 183.593 Thread 0x00000223ecaf8640 flushing nmethod 0x00000223d71cd110
Event: 183.593 Thread 0x00000223ecaf8640 flushing nmethod 0x00000223d722aa90
Event: 184.528 Thread 0x00000223f03d6ca0 Thread exited: 0x00000223f03d6ca0
Event: 295.002 loading class java/lang/Throwable$WrappedPrintStream
Event: 295.009 loading class java/lang/Throwable$WrappedPrintStream done
Event: 295.056 Thread 0x00000223ef118590 Thread exited: 0x00000223ef118590
Event: 300.493 loading class jdk/internal/loader/BootLoader$PackageHelper
Event: 300.496 loading class jdk/internal/loader/BootLoader$PackageHelper done


Dynamic libraries:
0x00007ff6da0a0000 - 0x00007ff6da0b0000 	C:\Program Files\Java\jdk-17.0.1\bin\java.exe
0x00007fffe4d60000 - 0x00007fffe4fc3000 	C:\WINDOWS\SYSTEM32\ntdll.dll
0x00007fffe3c90000 - 0x00007fffe3d58000 	C:\WINDOWS\System32\KERNEL32.DLL
0x00007fffe2130000 - 0x00007fffe24e2000 	C:\WINDOWS\System32\KERNELBASE.dll
0x00007fffe2790000 - 0x00007fffe28db000 	C:\WINDOWS\System32\ucrtbase.dll
0x00007fff7cd90000 - 0x00007fff7cdaa000 	C:\Program Files\Java\jdk-17.0.1\bin\VCRUNTIME140.dll
0x00007fffdbb90000 - 0x00007fffdbba8000 	C:\Program Files\Java\jdk-17.0.1\bin\jli.dll
0x00007fffe3a30000 - 0x00007fffe3ae4000 	C:\WINDOWS\System32\ADVAPI32.dll
0x00007fffe4730000 - 0x00007fffe47d9000 	C:\WINDOWS\System32\msvcrt.dll
0x00007fffe3300000 - 0x00007fffe33a6000 	C:\WINDOWS\System32\sechost.dll
0x00007fffe3910000 - 0x00007fffe3a26000 	C:\WINDOWS\System32\RPCRT4.dll
0x00007fffe47e0000 - 0x00007fffe49a8000 	C:\WINDOWS\System32\USER32.dll
0x00007fffe2760000 - 0x00007fffe2787000 	C:\WINDOWS\System32\win32u.dll
0x00007fffc9b30000 - 0x00007fffc9dc0000 	C:\WINDOWS\WinSxS\amd64_microsoft.windows.common-controls_6595b64144ccf1df_6.0.26100.2454_none_3e0b68a2e331ad60\COMCTL32.dll
0x00007fffe38d0000 - 0x00007fffe38fa000 	C:\WINDOWS\System32\GDI32.dll
0x00007fffe2580000 - 0x00007fffe26ab000 	C:\WINDOWS\System32\gdi32full.dll
0x00007fffe26b0000 - 0x00007fffe2753000 	C:\WINDOWS\System32\msvcp_win.dll
0x00007fffd0170000 - 0x00007fffd017b000 	C:\WINDOWS\SYSTEM32\VERSION.dll
0x00007fffe2bd0000 - 0x00007fffe2bff000 	C:\WINDOWS\System32\IMM32.DLL
0x00007fff7cd80000 - 0x00007fff7cd8c000 	C:\Program Files\Java\jdk-17.0.1\bin\vcruntime140_1.dll
0x00007fff7c3f0000 - 0x00007fff7c47d000 	C:\Program Files\Java\jdk-17.0.1\bin\msvcp140.dll
0x00007fff7cdb0000 - 0x00007fff7d96e000 	C:\Program Files\Java\jdk-17.0.1\bin\server\jvm.dll
0x00007fffe2bc0000 - 0x00007fffe2bc8000 	C:\WINDOWS\System32\PSAPI.DLL
0x00007fffc8850000 - 0x00007fffc885a000 	C:\WINDOWS\SYSTEM32\WSOCK32.dll
0x00007fffbcfd0000 - 0x00007fffbd006000 	C:\WINDOWS\SYSTEM32\WINMM.dll
0x00007fffe4ca0000 - 0x00007fffe4d14000 	C:\WINDOWS\System32\WS2_32.dll
0x00007fffe0f30000 - 0x00007fffe0f4a000 	C:\WINDOWS\SYSTEM32\kernel.appcore.dll
0x00007fff7cd00000 - 0x00007fff7cd0a000 	C:\Program Files\Java\jdk-17.0.1\bin\jimage.dll
0x00007fffdf930000 - 0x00007fffdfb71000 	C:\WINDOWS\SYSTEM32\DBGHELP.DLL
0x00007fffe33e0000 - 0x00007fffe375e000 	C:\WINDOWS\System32\combase.dll
0x00007fffe3dd0000 - 0x00007fffe3ea6000 	C:\WINDOWS\System32\OLEAUT32.dll
0x00007fffc1c40000 - 0x00007fffc1c79000 	C:\WINDOWS\SYSTEM32\dbgcore.DLL
0x00007fffe28e0000 - 0x00007fffe2979000 	C:\WINDOWS\System32\bcryptPrimitives.dll
0x00007fff7cd10000 - 0x00007fff7cd35000 	C:\Program Files\Java\jdk-17.0.1\bin\java.dll
0x00007fff7cc20000 - 0x00007fff7ccf6000 	C:\Program Files\Java\jdk-17.0.1\bin\svml.dll
0x00007fffe3fa0000 - 0x00007fffe46a1000 	C:\WINDOWS\System32\SHELL32.dll
0x00007fffdfe20000 - 0x00007fffe0651000 	C:\WINDOWS\SYSTEM32\windows.storage.dll
0x00007fffe37f0000 - 0x00007fffe38ca000 	C:\WINDOWS\System32\SHCORE.dll
0x00007fffe3d70000 - 0x00007fffe3dcd000 	C:\WINDOWS\System32\shlwapi.dll
0x00007fffe2040000 - 0x00007fffe206e000 	C:\WINDOWS\SYSTEM32\profapi.dll
0x00007fff7cc00000 - 0x00007fff7cc19000 	C:\Program Files\Java\jdk-17.0.1\bin\net.dll
0x00007fffd97d0000 - 0x00007fffd98f6000 	C:\WINDOWS\SYSTEM32\WINHTTP.dll
0x00007fffe1410000 - 0x00007fffe1478000 	C:\WINDOWS\system32\mswsock.dll
0x00007fff7cbe0000 - 0x00007fff7cbf5000 	C:\Program Files\Java\jdk-17.0.1\bin\nio.dll
0x00007fff7cbc0000 - 0x00007fff7cbd8000 	C:\Program Files\Java\jdk-17.0.1\bin\zip.dll
0x00007fffb9b00000 - 0x00007fffb9b09000 	C:\Program Files\Java\jdk-17.0.1\bin\management.dll
0x00007fffb9af0000 - 0x00007fffb9afb000 	C:\Program Files\Java\jdk-17.0.1\bin\management_ext.dll
0x00007fff999a0000 - 0x00007fff999ae000 	C:\Program Files\Java\jdk-17.0.1\bin\sunmscapi.dll
0x00007fffe2a40000 - 0x00007fffe2bb6000 	C:\WINDOWS\System32\CRYPT32.dll
0x00007fffe1910000 - 0x00007fffe1940000 	C:\WINDOWS\SYSTEM32\ncrypt.dll
0x00007fffe18c0000 - 0x00007fffe18ff000 	C:\WINDOWS\SYSTEM32\NTASN1.dll
0x00007fffe17c0000 - 0x00007fffe17dc000 	C:\WINDOWS\SYSTEM32\CRYPTSP.dll
0x00007fffe0e90000 - 0x00007fffe0ec8000 	C:\WINDOWS\system32\rsaenh.dll
0x00007fffe14b0000 - 0x00007fffe14db000 	C:\WINDOWS\SYSTEM32\USERENV.dll
0x00007fffe1950000 - 0x00007fffe1976000 	C:\WINDOWS\SYSTEM32\bcrypt.dll
0x00007fffe1640000 - 0x00007fffe164c000 	C:\WINDOWS\SYSTEM32\CRYPTBASE.dll
0x00007fffe09a0000 - 0x00007fffe09d2000 	C:\WINDOWS\SYSTEM32\IPHLPAPI.DLL
0x00007fffe3900000 - 0x00007fffe390a000 	C:\WINDOWS\System32\NSI.dll
0x00007fffd9600000 - 0x00007fffd961e000 	C:\WINDOWS\SYSTEM32\dhcpcsvc6.DLL
0x00007fffd95d0000 - 0x00007fffd95f5000 	C:\WINDOWS\SYSTEM32\dhcpcsvc.DLL
0x00007fffe0a40000 - 0x00007fffe0b65000 	C:\WINDOWS\SYSTEM32\DNSAPI.dll
0x00007fff7c650000 - 0x00007fff7c660000 	C:\Program Files\Java\jdk-17.0.1\bin\verify.dll
0x00007fffc52d0000 - 0x00007fffc52d8000 	C:\WINDOWS\system32\wshunix.dll

dbghelp: loaded successfully - version: 4.0.5 - missing functions: none
symbol engine: initialized successfully - sym options: 0x614 - pdb path: .;C:\Program Files\Java\jdk-17.0.1\bin;C:\WINDOWS\SYSTEM32;C:\WINDOWS\WinSxS\amd64_microsoft.windows.common-controls_6595b64144ccf1df_6.0.26100.2454_none_3e0b68a2e331ad60;C:\Program Files\Java\jdk-17.0.1\bin\server

VM Arguments:
java_command: Agenda.CampusCAD.CampusCadApplication
java_class_path (initial): C:\Users\WIN ELEVEN\Downloads\CampusCAD\CampusCAD\target\classes;C:\Users\WIN ELEVEN\.m2\repository\org\springframework\boot\spring-boot-starter-data-jpa\3.2.5\spring-boot-starter-data-jpa-3.2.5.jar;C:\Users\WIN ELEVEN\.m2\repository\org\springframework\boot\spring-boot-starter-aop\3.2.5\spring-boot-starter-aop-3.2.5.jar;C:\Users\WIN ELEVEN\.m2\repository\org\springframework\spring-aop\6.1.6\spring-aop-6.1.6.jar;C:\Users\WIN ELEVEN\.m2\repository\org\aspectj\aspectjweaver\1.9.22\aspectjweaver-1.9.22.jar;C:\Users\WIN ELEVEN\.m2\repository\org\springframework\boot\spring-boot-starter-jdbc\3.2.5\spring-boot-starter-jdbc-3.2.5.jar;C:\Users\WIN ELEVEN\.m2\repository\com\zaxxer\HikariCP\5.0.1\HikariCP-5.0.1.jar;C:\Users\WIN ELEVEN\.m2\repository\org\springframework\spring-jdbc\6.1.6\spring-jdbc-6.1.6.jar;C:\Users\WIN ELEVEN\.m2\repository\org\hibernate\orm\hibernate-core\6.4.4.Final\hibernate-core-6.4.4.Final.jar;C:\Users\WIN ELEVEN\.m2\repository\jakarta\persistence\jakarta.persistence-api\3.1.0\jakarta.persistence-api-3.1.0.jar;C:\Users\WIN ELEVEN\.m2\repository\jakarta\transaction\jakarta.transaction-api\2.0.1\jakarta.transaction-api-2.0.1.jar;C:\Users\WIN ELEVEN\.m2\repository\org\jboss\logging\jboss-logging\3.5.3.Final\jboss-logging-3.5.3.Final.jar;C:\Users\WIN ELEVEN\.m2\repository\org\hibernate\common\hibernate-commons-annotations\6.0.6.Final\hibernate-commons-annotations-6.0.6.Final.jar;C:\Users\WIN ELEVEN\.m2\repository\io\smallrye\jandex\3.1.2\jandex-3.1.2.jar;C:\Users\WIN ELEVEN\.m2\repository\com\fasterxml\classmate\1.6.0\classmate-1.6.0.jar;C:\Users\WIN ELEVEN\.m2\repository\net\bytebuddy\byte-buddy\1.14.13\byte-buddy-1.14.13.jar;C:\Users\WIN ELEVEN\.m2\repository\org\glassfish\jaxb\jaxb-runtime\4.0.5\jaxb-runtime-4.0.5.jar;C:\Users\WIN ELEVEN\.m2\repository\org\glassfish\jaxb\jaxb-core\4.0.5\jaxb-core-4.0.5.jar;C:\Users\WIN ELEVEN\.m2\repository\org\eclipse\angus\angus-activation\2.0.2\angus-activation-2.0.2.jar;C:\Users\WIN ELEV
Launcher Type: SUN_STANDARD

[Global flags]
     intx CICompilerCount                          = 4                                         {product} {ergonomic}
     uint ConcGCThreads                            = 2                                         {product} {ergonomic}
     uint G1ConcRefinementThreads                  = 8                                         {product} {ergonomic}
   size_t G1HeapRegionSize                         = 1048576                                   {product} {ergonomic}
    uintx GCDrainStackTargetSize                   = 64                                        {product} {ergonomic}
   size_t InitialHeapSize                          = 132120576                                 {product} {ergonomic}
   size_t MarkStackSize                            = 4194304                                   {product} {ergonomic}
   size_t MaxHeapSize                              = 2088763392                                {product} {ergonomic}
   size_t MaxNewSize                               = 1253048320                                {product} {ergonomic}
   size_t MinHeapDeltaBytes                        = 1048576                                   {product} {ergonomic}
   size_t MinHeapSize                              = 8388608                                   {product} {ergonomic}
    uintx NonNMethodCodeHeapSize                   = 5839372                                {pd product} {ergonomic}
    uintx NonProfiledCodeHeapSize                  = 122909434                              {pd product} {ergonomic}
    uintx ProfiledCodeHeapSize                     = 122909434                              {pd product} {ergonomic}
    uintx ReservedCodeCacheSize                    = 251658240                              {pd product} {ergonomic}
     bool SegmentedCodeCache                       = true                                      {product} {ergonomic}
   size_t SoftMaxHeapSize                          = 2088763392                             {manageable} {ergonomic}
     bool UseCompressedClassPointers               = true                           {product lp64_product} {ergonomic}
     bool UseCompressedOops                        = true                           {product lp64_product} {ergonomic}
     bool UseG1GC                                  = true                                      {product} {ergonomic}
     bool UseLargePagesIndividualAllocation        = false                                  {pd product} {ergonomic}

Logging:
Log output configuration:
 #0: stdout all=warning uptime,level,tags
 #1: stderr all=off uptime,level,tags

Environment Variables:
JAVA_HOME=C:\Program Files\Java\jdk-17.0.1
PATH=C:\Program Files\Common Files\Oracle\Java\javapath;C:\WINDOWS\system32;C:\WINDOWS;C:\WINDOWS\System32\Wbem;C:\WINDOWS\System32\WindowsPowerShell\v1.0\;C:\WINDOWS\System32\OpenSSH\;C:\Program Files\Java\jdk-17.0.1\bin;C:\xampp\php;C:\Program Files\nodejs\;C:\gradle-8.4\bin;C:\Program Files\dotnet\;C:\Program Files (x86)\Microsoft SQL Server\160\Tools\Binn\;C:\Program Files\Microsoft SQL Server\160\Tools\Binn\;C:\Program Files\Microsoft SQL Server\Client SDK\ODBC\170\Tools\Binn\;C:\Program Files\Microsoft SQL Server\160\DTS\Binn\;C:\Users\WIN ELEVEN\AppData\Local\Programs\Python\Python312\Scripts\;C:\Users\WIN ELEVEN\AppData\Local\Programs\Python\Python312\;C:\Program Files\MySQL\MySQL Shell 8.0\bin\;C:\Users\WIN ELEVEN\AppData\Local\Microsoft\WindowsApps;%JAVA%\bin;C:\PHP\;C:\Users\WIN ELEVEN\AppData\Local\atom\bin;C:\Users\WIN ELEVEN\AppData\Local\Programs\Microsoft VS Code\bin;C:\Users\WIN ELEVEN\AppData\Roaming\npm;C:\Users\WIN ELEVEN\AppData\Local\Microsoft\WindowsApps;
USERNAME=WIN ELEVEN
OS=Windows_NT
PROCESSOR_IDENTIFIER=Intel64 Family 6 Model 126 Stepping 5, GenuineIntel



---------------  S Y S T E M  ---------------

OS:
 Windows 10 , 64 bit Build 26100 (10.0.26100.2454)
OS uptime: 0 days 0:07 hours
Hyper-V role detected

CPU: total 8 (initial active 8) (4 cores per cpu, 2 threads per core) family 6 model 126 stepping 5 microcode 0x86, cx8, cmov, fxsr, ht, mmx, 3dnowpref, sse, sse2, sse3, ssse3, sse4.1, sse4.2, popcnt, lzcnt, tsc, tscinvbit, avx, avx2, aes, erms, clmul, bmi1, bmi2, adx, avx512f, avx512dq, avx512cd, avx512bw, avx512vl, sha, fma, vzeroupper, avx512_vpopcntdq, avx512_vpclmulqdq, avx512_vaes, avx512_vnni, clflush, clflushopt, avx512_vbmi2, avx512_vbmi, hv

Memory: 4k page, system-wide physical 7967M (571M free)
TotalPageFile size 32543M (AvailPageFile size 4M)
current process WorkingSet (physical memory assigned to process): 104M, peak: 292M
current process commit charge ("private bytes"): 312M, peak: 328M

vm_info: Java HotSpot(TM) 64-Bit Server VM (17.0.1+12-LTS-39) for windows-amd64 JRE (17.0.1+12-LTS-39), built on Sep 27 2021 18:41:35 by "mach5one" with MS VC++ 16.8 (VS2019)

END.
